[00:04:39] [Server thread/INFO]: Lafegob has made the advancement [Getting an Upgrade]
[00:06:29] [User Authenticator #12/INFO]: UUID of player Hid_desu is e932eb49-9770-44e1-a5b4-e451478e6ae6
[00:06:29] [Server thread/INFO]: Hid_desu[/177.45.235.13:63220] logged in with entity id 184878 at (40.16148963451956, 73.0, -84.92791521243554)
[00:06:29] [Server thread/INFO]: Hid_desu joined the game
[00:06:36] [Server thread/INFO]: <incalto> ola
[00:06:46] [Server thread/INFO]: <Lafegob> aeeeeeeeeeeeeeeeeeeeeeeeee
[00:06:50] [Server thread/INFO]: <incalto> tamo na call do tsg
[00:07:14] [Server thread/INFO]: <Hid_desu> hello pessoauuu
[00:07:18] [Server thread/INFO]: <FilaBoia> aloo
[00:07:28] [Server thread/INFO]: <Lafegob> hihooooo
[00:07:30] [Server thread/INFO]: <Hid_desu> vo espera a mayumi pra entra na call hehe
[00:07:48] [Server thread/INFO]: <Hid_desu> enquanto isso vou ficar passeando por ai
[00:12:35] [Server thread/WARN]: Can't keep up! Is the server overloaded? Running 2003ms or 40 ticks behind
[00:12:55] [Server thread/WARN]: Can't keep up! Is the server overloaded? Running 2008ms or 40 ticks behind
[00:13:12] [Server thread/WARN]: Can't keep up! Is the server overloaded? Running 2008ms or 40 ticks behind
[00:13:33] [Server thread/WARN]: Can't keep up! Is the server overloaded? Running 2005ms or 40 ticks behind
[00:13:50] [Server thread/WARN]: Can't keep up! Is the server overloaded? Running 2402ms or 48 ticks behind
[00:14:09] [Server thread/WARN]: Can't keep up! Is the server overloaded? Running 4173ms or 83 ticks behind
[00:14:31] [Server thread/WARN]: Can't keep up! Is the server overloaded? Running 2006ms or 40 ticks behind
[00:14:49] [Server thread/WARN]: Can't keep up! Is the server overloaded? Running 2711ms or 54 ticks behind
[00:15:07] [Server thread/WARN]: Can't keep up! Is the server overloaded? Running 2837ms or 56 ticks behind
[00:15:25] [Server thread/WARN]: Can't keep up! Is the server overloaded? Running 3459ms or 69 ticks behind
[00:15:45] [Server thread/WARN]: Can't keep up! Is the server overloaded? Running 4453ms or 89 ticks behind
[00:16:05] [Server thread/WARN]: Can't keep up! Is the server overloaded? Running 5161ms or 103 ticks behind
[00:16:26] [Server thread/WARN]: Can't keep up! Is the server overloaded? Running 5728ms or 114 ticks behind
[00:16:44] [Server thread/WARN]: Can't keep up! Is the server overloaded? Running 3564ms or 71 ticks behind
[00:16:48] [Server thread/INFO]: <Lafegob> eita
[00:16:53] [Server thread/INFO]: <Lafegob> cavei tanto
[00:17:02] [Server thread/WARN]: Can't keep up! Is the server overloaded? Running 2575ms or 51 ticks behind
[00:17:12] [Server thread/INFO]: <Lafegob> kkkkkkkkkkkkkkkkkkkkk
[00:17:13] [Server thread/INFO]: <VJunTU> eu gosto de cavar AAHAHAH
[00:17:19] [Server thread/WARN]: Can't keep up! Is the server overloaded? Running 2138ms or 42 ticks behind
[00:17:20] [Server thread/INFO]: <Lafegob> mano
[00:17:28] [Server thread/INFO]: <Lafegob> cavei tanto q achei um esconderijo kkkkkkkkkkkkkkkkk
[00:17:28] [Server thread/INFO]: <VJunTU> fique a vonts pra pegar das caixas ali
[00:17:38] [Server thread/WARN]: Can't keep up! Is the server overloaded? Running 2002ms or 40 ticks behind
[00:17:42] [Server thread/INFO]: <Lafegob> sussa irmao
[00:17:55] [Server thread/WARN]: Can't keep up! Is the server overloaded? Running 2214ms or 44 ticks behind
[00:18:15] [Server thread/WARN]: Can't keep up! Is the server overloaded? Running 4894ms or 97 ticks behind
[00:18:33] [Server thread/WARN]: Can't keep up! Is the server overloaded? Running 3733ms or 74 ticks behind
[00:18:51] [Server thread/WARN]: Can't keep up! Is the server overloaded? Running 2825ms or 56 ticks behind
[00:19:09] [Server thread/WARN]: Can't keep up! Is the server overloaded? Running 2466ms or 49 ticks behind
[00:19:27] [Server thread/WARN]: Can't keep up! Is the server overloaded? Running 3158ms or 63 ticks behind
[00:19:45] [Server thread/WARN]: Can't keep up! Is the server overloaded? Running 3148ms or 62 ticks behind
[00:20:03] [Server thread/WARN]: Can't keep up! Is the server overloaded? Running 2001ms or 40 ticks behind
[00:20:23] [Server thread/WARN]: Can't keep up! Is the server overloaded? Running 4825ms or 96 ticks behind
[00:20:41] [Server thread/WARN]: Can't keep up! Is the server overloaded? Running 2707ms or 54 ticks behind
[00:21:27] [Server thread/INFO]: <VJunTU> mals hahaha
[00:22:51] [Server thread/WARN]: Can't keep up! Is the server overloaded? Running 2017ms or 40 ticks behind
[00:23:09] [Server thread/WARN]: Can't keep up! Is the server overloaded? Running 2811ms or 56 ticks behind
[00:23:27] [Server thread/WARN]: Can't keep up! Is the server overloaded? Running 3131ms or 62 ticks behind
[00:23:39] [Server thread/INFO]: FilaBoia lost connection: Disconnected
[00:23:39] [Server thread/INFO]: FilaBoia left the game
[00:23:48] [Server thread/WARN]: Can't keep up! Is the server overloaded? Running 5587ms or 111 ticks behind
[00:31:32] [Server thread/INFO]: <VJunTU> valeus hahaha
[00:31:37] [Server thread/INFO]: <Lafegob> sussa
[00:31:47] [Server thread/INFO]: <Lafegob> to falando com o Lukas no zap
[00:32:06] [Server thread/INFO]: <Lafegob> conhece essa coisa fofa chamada Lucas Gernosh ?
[00:32:37] [Server thread/INFO]: <VJunTU> baptista?
[00:33:40] [Server thread/INFO]: <Lafegob> esse ae memo
[00:33:43] [Server thread/INFO]: <Lafegob> baitola
[00:33:52] [Server thread/INFO]: <Lafegob> ele é zuerao
[00:34:45] [Server thread/WARN]: Can't keep up! Is the server overloaded? Running 2006ms or 40 ticks behind
[00:35:21] [Server thread/WARN]: Can't keep up! Is the server overloaded? Running 2011ms or 40 ticks behind
[00:36:16] [Server thread/INFO]: <Lafegob> apelido dele é cavalinho
[00:36:28] [Server thread/INFO]: <Lafegob> horse
[00:37:17] [Server thread/WARN]: Can't keep up! Is the server overloaded? Running 2008ms or 40 ticks behind
[00:39:27] [Server thread/WARN]: Can't keep up! Is the server overloaded? Running 2004ms or 40 ticks behind
[00:40:06] [Server thread/WARN]: Can't keep up! Is the server overloaded? Running 2028ms or 40 ticks behind
[00:40:47] [Server thread/WARN]: Can't keep up! Is the server overloaded? Running 2001ms or 40 ticks behind
[00:42:41] [Server thread/WARN]: Can't keep up! Is the server overloaded? Running 2002ms or 40 ticks behind
[00:43:03] [Server thread/WARN]: Can't keep up! Is the server overloaded? Running 2018ms or 40 ticks behind
[00:45:19] [Server thread/WARN]: Can't keep up! Is the server overloaded? Running 2007ms or 40 ticks behind
[00:46:04] [Server thread/INFO]: incalto lost connection: Disconnected
[00:46:04] [Server thread/INFO]: incalto left the game
[00:46:05] [Server thread/WARN]: Can't keep up! Is the server overloaded? Running 2432ms or 48 ticks behind
[00:47:53] [Server thread/INFO]: Lafegob lost connection: Disconnected
[00:47:53] [Server thread/INFO]: Lafegob left the game
[00:47:53] [Server thread/WARN]: handleDisconnection() called twice
[00:58:11] [User Authenticator #13/INFO]: UUID of player Gernoshauro is fef740ad-c627-47e2-8080-0ed47ad979d6
[00:58:11] [Server thread/INFO]: Gernoshauro[/201.33.204.240:45652] logged in with entity id 211260 at (47.92500001192093, 72.0, -78.92500001192093)
[00:58:11] [Server thread/INFO]: Gernoshauro joined the game
[00:58:38] [Server thread/INFO]: <Gernoshauro> oi
[00:58:48] [Server thread/INFO]: <Hid_desu> oi oi
[00:59:06] [Server thread/INFO]: <Gernoshauro> nunca joguuei esse jogo
[00:59:14] [Server thread/INFO]: <Gernoshauro> oq nao posso fazer?
[00:59:32] [Server thread/INFO]: <Hid_desu> vish kkkkk
[01:00:04] [Server thread/INFO]: <Hid_desu> acho que não destruindo a casinha que o pessoal construiu, ta de boas
[01:00:38] [Server thread/INFO]: <Gernoshauro> é, isso parece um começo justo
[01:05:44] [User Authenticator #14/INFO]: UUID of player incalto is 61787898-6da3-4348-a903-a8dbbe0102ac
[01:05:44] [Server thread/INFO]: incalto[/187.57.16.185:61419] logged in with entity id 213868 at (58.30000001192093, 67.0, 2310.300000011921)
[01:05:44] [Server thread/INFO]: incalto joined the game
[01:16:52] [Server thread/INFO]: incalto was blown up by Creeper
[01:17:01] [Server thread/INFO]: <Hid_desu> eita
[01:24:17] [Server thread/INFO]: Hid_desu lost connection: Disconnected
[01:24:17] [Server thread/INFO]: Hid_desu left the game
[01:39:21] [Server thread/INFO]: incalto was slain by Enderman
[01:39:45] [Server thread/INFO]: Gernoshauro lost connection: Disconnected
[01:39:45] [Server thread/INFO]: Gernoshauro left the game
[01:39:50] [Server thread/INFO]: VJunTU lost connection: Disconnected
[01:39:50] [Server thread/INFO]: VJunTU left the game
[01:40:01] [User Authenticator #15/INFO]: UUID of player VJunTU is 6fdedf30-7481-40c0-9365-ed1be4ba8fe6
[01:40:01] [Server thread/INFO]: VJunTU[/179.208.73.25:52530] logged in with entity id 231216 at (-45.52609459089363, 16.0, -101.86301127872578)
[01:40:01] [Server thread/INFO]: VJunTU joined the game
[01:41:48] [Server thread/INFO]: incalto lost connection: Timed out
[01:41:48] [Server thread/INFO]: incalto left the game
[01:44:15] [User Authenticator #16/INFO]: UUID of player FilaBoia is 2cf65646-0008-4f33-a468-9706c73f8655
[01:44:15] [Server thread/INFO]: FilaBoia[/179.111.105.239:59036] logged in with entity id 232701 at (-49.41998725093161, 68.0, 2306.625240246363)
[01:44:15] [Server thread/INFO]: FilaBoia joined the game
[01:45:46] [User Authenticator #17/INFO]: UUID of player incalto is 61787898-6da3-4348-a903-a8dbbe0102ac
[01:45:46] [Server thread/INFO]: incalto[/187.57.16.185:50122] logged in with entity id 234197 at (96.61531070227633, 62.07326432466506, 149.11322036460032)
[01:45:46] [Server thread/INFO]: incalto joined the game
[01:48:11] [User Authenticator #18/INFO]: UUID of player Gernoshauro is fef740ad-c627-47e2-8080-0ed47ad979d6
[01:48:11] [Server thread/INFO]: Gernoshauro[/201.33.204.240:46025] logged in with entity id 236719 at (42.05018248516125, 63.0, -42.02724936045005)
[01:48:11] [Server thread/INFO]: Gernoshauro joined the game
[01:48:13] [User Authenticator #19/INFO]: UUID of player Shiga is 0ee2e2bb-7b82-4a4f-b07d-4108435e7e06
[01:48:13] [Server thread/INFO]: Shiga[/191.19.79.254:54300] logged in with entity id 236787 at (27.54934063783628, 72.0, -80.4981761030468)
[01:48:13] [Server thread/INFO]: Shiga joined the game
[01:48:14] [Server thread/WARN]: Can't keep up! Is the server overloaded? Running 2169ms or 43 ticks behind
[01:48:24] [Server thread/INFO]: [Shiga: Saved the game]
[01:48:33] [Server thread/WARN]: Can't keep up! Is the server overloaded? Running 3801ms or 76 ticks behind
[01:48:53] [Server thread/WARN]: Can't keep up! Is the server overloaded? Running 2006ms or 40 ticks behind
[01:49:21] [Server thread/WARN]: Can't keep up! Is the server overloaded? Running 2001ms or 40 ticks behind
[01:49:46] [Server thread/WARN]: Can't keep up! Is the server overloaded? Running 2003ms or 40 ticks behind
[01:50:05] [User Authenticator #20/INFO]: UUID of player Hid_desu is e932eb49-9770-44e1-a5b4-e451478e6ae6
[01:50:05] [Server thread/INFO]: Hid_desu[/177.45.235.13:63577] logged in with entity id 238507 at (79.51172725258799, 65.0, -84.33576428922696)
[01:50:05] [Server thread/INFO]: Hid_desu joined the game
[01:50:06] [Server thread/WARN]: Can't keep up! Is the server overloaded? Running 2685ms or 53 ticks behind
[01:50:16] [Server thread/INFO]: [Shiga: Added Gernoshauro to the whitelist]
[01:50:24] [Server thread/WARN]: Can't keep up! Is the server overloaded? Running 2002ms or 40 ticks behind
[01:50:42] [Server thread/WARN]: Can't keep up! Is the server overloaded? Running 3061ms or 61 ticks behind
[01:50:42] [Server thread/INFO]: [Shiga: Reloaded the whitelist]
[01:50:47] [Server thread/INFO]: [Shiga: Whitelist is now turned on]
[01:51:00] [Server thread/WARN]: Can't keep up! Is the server overloaded? Running 2823ms or 56 ticks behind
[01:51:17] [Server thread/WARN]: Can't keep up! Is the server overloaded? Running 2254ms or 45 ticks behind
[01:51:29] [Server thread/INFO]: Gernoshauro lost connection: Disconnected
[01:51:29] [Server thread/INFO]: Gernoshauro left the game
[01:51:31] [User Authenticator #21/INFO]: UUID of player Gernoshauro is fef740ad-c627-47e2-8080-0ed47ad979d6
[01:51:31] [Server thread/INFO]: Gernoshauro[/201.33.204.240:45723] logged in with entity id 239681 at (75.30444584800435, 61.0, -176.69999998807907)
[01:51:31] [Server thread/INFO]: Gernoshauro joined the game
[01:51:35] [Server thread/WARN]: Can't keep up! Is the server overloaded? Running 3182ms or 63 ticks behind
[01:51:54] [Server thread/WARN]: Can't keep up! Is the server overloaded? Running 4461ms or 89 ticks behind
[01:52:11] [Server thread/INFO]: FilaBoia was slain by Husk
[01:52:13] [Server thread/WARN]: Can't keep up! Is the server overloaded? Running 3273ms or 65 ticks behind
[01:53:14] [Server thread/WARN]: Can't keep up! Is the server overloaded? Running 2004ms or 40 ticks behind
[01:53:32] [Server thread/WARN]: Can't keep up! Is the server overloaded? Running 3601ms or 72 ticks behind
[01:53:52] [Server thread/WARN]: Can't keep up! Is the server overloaded? Running 4503ms or 90 ticks behind
[01:54:10] [Server thread/WARN]: Can't keep up! Is the server overloaded? Running 2984ms or 59 ticks behind
[01:54:11] [Server thread/INFO]: <incalto> 81 2273
[01:54:28] [Server thread/WARN]: Can't keep up! Is the server overloaded? Running 3223ms or 64 ticks behind
[01:54:46] [Server thread/WARN]: Can't keep up! Is the server overloaded? Running 3329ms or 66 ticks behind
[01:55:03] [Server thread/WARN]: Can't keep up! Is the server overloaded? Running 2232ms or 44 ticks behind
[01:55:21] [Server thread/WARN]: Can't keep up! Is the server overloaded? Running 2125ms or 42 ticks behind
[01:55:38] [Server thread/WARN]: Can't keep up! Is the server overloaded? Running 2027ms or 40 ticks behind
[01:55:58] [Server thread/WARN]: Can't keep up! Is the server overloaded? Running 2028ms or 40 ticks behind
[01:56:16] [Server thread/WARN]: Can't keep up! Is the server overloaded? Running 2738ms or 54 ticks behind
[01:56:34] [Server thread/WARN]: Can't keep up! Is the server overloaded? Running 2951ms or 59 ticks behind
[01:56:52] [Server thread/WARN]: Can't keep up! Is the server overloaded? Running 2637ms or 52 ticks behind
[01:57:09] [Server thread/WARN]: Can't keep up! Is the server overloaded? Running 2771ms or 55 ticks behind
[01:57:27] [Server thread/WARN]: Can't keep up! Is the server overloaded? Running 2223ms or 44 ticks behind
[01:57:47] [Server thread/WARN]: Can't keep up! Is the server overloaded? Running 5502ms or 110 ticks behind
[01:58:05] [Server thread/WARN]: Can't keep up! Is the server overloaded? Running 2856ms or 57 ticks behind
[01:58:24] [Server thread/WARN]: Can't keep up! Is the server overloaded? Running 3854ms or 77 ticks behind
[01:58:42] [Server thread/WARN]: Can't keep up! Is the server overloaded? Running 2869ms or 57 ticks behind
[01:59:01] [Server thread/WARN]: Can't keep up! Is the server overloaded? Running 4065ms or 81 ticks behind
[01:59:21] [Server thread/WARN]: Can't keep up! Is the server overloaded? Running 4770ms or 95 ticks behind
[01:59:39] [Server thread/WARN]: Can't keep up! Is the server overloaded? Running 3715ms or 74 ticks behind
[01:59:58] [Server thread/WARN]: Can't keep up! Is the server overloaded? Running 4165ms or 83 ticks behind
[02:00:18] [Server thread/WARN]: Can't keep up! Is the server overloaded? Running 5135ms or 102 ticks behind
[02:00:31] [User Authenticator #22/INFO]: UUID of player mushebinha is 48524226-9f0b-4c5a-9677-ba91052cfd69
[02:00:31] [Server thread/INFO]: mushebinha[/191.19.79.254:50480] logged in with entity id 248070 at (28.22574376700559, 72.0, -76.6240470183737)
[02:00:31] [Server thread/INFO]: mushebinha joined the game
[02:00:39] [Server thread/WARN]: Can't keep up! Is the server overloaded? Running 5202ms or 104 ticks behind
[02:00:51] [Server thread/INFO]: Gernoshauro has made the advancement [Monster Hunter]
[02:00:59] [Server thread/WARN]: Can't keep up! Is the server overloaded? Running 4899ms or 97 ticks behind
[02:01:18] [Server thread/WARN]: Can't keep up! Is the server overloaded? Running 4339ms or 86 ticks behind
[02:01:38] [Server thread/WARN]: Can't keep up! Is the server overloaded? Running 4916ms or 98 ticks behind
[02:01:40] [Server thread/INFO]: Gernoshauro was slain by Phantom
[02:01:53] [Server thread/INFO]: Gernoshauro lost connection: Disconnected
[02:01:53] [Server thread/INFO]: Gernoshauro left the game
[02:01:57] [Server thread/WARN]: Can't keep up! Is the server overloaded? Running 4683ms or 93 ticks behind
[02:02:17] [Server thread/WARN]: Can't keep up! Is the server overloaded? Running 4617ms or 92 ticks behind
[02:02:36] [Server thread/WARN]: Can't keep up! Is the server overloaded? Running 3775ms or 75 ticks behind
[02:02:44] [User Authenticator #23/INFO]: UUID of player Gernoshauro is fef740ad-c627-47e2-8080-0ed47ad979d6
[02:02:44] [Server thread/INFO]: Gernoshauro[/201.33.204.240:45957] logged in with entity id 249342 at (118.5474960795285, 69.0, -151.30000001192093)
[02:02:44] [Server thread/INFO]: Gernoshauro joined the game
[02:03:00] [Server thread/WARN]: Can't keep up! Is the server overloaded? Running 9267ms or 185 ticks behind
[02:03:24] [Server thread/WARN]: Can't keep up! Is the server overloaded? Running 9028ms or 180 ticks behind
[02:03:43] [Server thread/WARN]: Can't keep up! Is the server overloaded? Running 4291ms or 85 ticks behind
[02:04:02] [Server thread/WARN]: Can't keep up! Is the server overloaded? Running 3453ms or 69 ticks behind
[02:04:20] [Server thread/WARN]: Can't keep up! Is the server overloaded? Running 3165ms or 63 ticks behind
[02:04:37] [Server thread/WARN]: Can't keep up! Is the server overloaded? Running 2163ms or 43 ticks behind
[02:04:55] [Server thread/WARN]: Can't keep up! Is the server overloaded? Running 2006ms or 40 ticks behind
[02:05:13] [Server thread/WARN]: Can't keep up! Is the server overloaded? Running 2599ms or 51 ticks behind
[02:05:32] [Server thread/WARN]: Can't keep up! Is the server overloaded? Running 3794ms or 75 ticks behind
[02:05:50] [Server thread/WARN]: Can't keep up! Is the server overloaded? Running 3074ms or 61 ticks behind
[02:06:08] [Server thread/WARN]: Can't keep up! Is the server overloaded? Running 2958ms or 59 ticks behind
[02:06:26] [Server thread/WARN]: Can't keep up! Is the server overloaded? Running 3690ms or 73 ticks behind
[02:06:42] [Server thread/INFO]: mushebinha fell from a high place
[02:06:46] [Server thread/WARN]: Can't keep up! Is the server overloaded? Running 5189ms or 103 ticks behind
[02:07:08] [Server thread/WARN]: Can't keep up! Is the server overloaded? Running 6745ms or 134 ticks behind
[02:07:12] [Server thread/INFO]: Gernoshauro has made the advancement [Getting an Upgrade]
[02:07:28] [Server thread/WARN]: Can't keep up! Is the server overloaded? Running 5388ms or 107 ticks behind
[02:07:48] [Server thread/WARN]: Can't keep up! Is the server overloaded? Running 4641ms or 92 ticks behind
[02:08:06] [Server thread/WARN]: Can't keep up! Is the server overloaded? Running 3088ms or 61 ticks behind
[02:08:25] [Server thread/WARN]: Can't keep up! Is the server overloaded? Running 3939ms or 78 ticks behind
[02:08:42] [Server thread/WARN]: Can't keep up! Is the server overloaded? Running 2392ms or 47 ticks behind
[02:09:02] [Server thread/WARN]: Can't keep up! Is the server overloaded? Running 4673ms or 93 ticks behind
[02:09:22] [Server thread/WARN]: Can't keep up! Is the server overloaded? Running 4721ms or 94 ticks behind
[02:09:42] [Server thread/WARN]: Can't keep up! Is the server overloaded? Running 5321ms or 106 ticks behind
[02:10:03] [Server thread/WARN]: Can't keep up! Is the server overloaded? Running 5716ms or 114 ticks behind
[02:10:22] [Server thread/WARN]: Can't keep up! Is the server overloaded? Running 4732ms or 94 ticks behind
[02:10:46] [Server thread/WARN]: Can't keep up! Is the server overloaded? Running 8674ms or 173 ticks behind
[02:11:06] [Server thread/WARN]: Can't keep up! Is the server overloaded? Running 5371ms or 107 ticks behind
[02:11:27] [Server thread/WARN]: Can't keep up! Is the server overloaded? Running 5990ms or 119 ticks behind
[02:11:48] [Server thread/WARN]: Can't keep up! Is the server overloaded? Running 5672ms or 113 ticks behind
[02:12:09] [Server thread/WARN]: Can't keep up! Is the server overloaded? Running 6450ms or 129 ticks behind
[02:12:32] [Server thread/WARN]: Can't keep up! Is the server overloaded? Running 7537ms or 150 ticks behind
[02:12:53] [Server thread/WARN]: Can't keep up! Is the server overloaded? Running 5683ms or 113 ticks behind
[02:13:13] [Server thread/WARN]: Can't keep up! Is the server overloaded? Running 5796ms or 115 ticks behind
[02:13:32] [Server thread/WARN]: Can't keep up! Is the server overloaded? Running 3504ms or 70 ticks behind
[02:13:58] [Server thread/WARN]: Can't keep up! Is the server overloaded? Running 2002ms or 40 ticks behind
[02:14:47] [Server thread/INFO]: Gernoshauro has made the advancement [Acquire Hardware]
[02:15:31] [Server thread/INFO]: Gernoshauro has made the advancement [Suit Up]
[02:16:10] [Server thread/INFO]: Gernoshauro has made the advancement [Stone Age]
[02:18:32] [Server thread/INFO]: VJunTU lost connection: Disconnected
[02:18:32] [Server thread/INFO]: VJunTU left the game
[02:18:36] [Server thread/INFO]: Gernoshauro has made the advancement [Sweet Dreams]
[02:18:45] [Server thread/INFO]: incalto lost connection: Disconnected
[02:18:45] [Server thread/INFO]: incalto left the game
[02:18:47] [Server thread/INFO]: FilaBoia lost connection: Disconnected
[02:18:47] [Server thread/INFO]: FilaBoia left the game
[02:18:56] [User Authenticator #24/INFO]: UUID of player incalto is 61787898-6da3-4348-a903-a8dbbe0102ac
[02:18:56] [Server thread/INFO]: incalto[/187.57.16.185:50974] logged in with entity id 262879 at (117.75275493937292, 62.073264324665075, 270.1695548680335)
[02:18:56] [Server thread/INFO]: incalto joined the game
[02:18:56] [User Authenticator #25/INFO]: UUID of player VJunTU is 6fdedf30-7481-40c0-9365-ed1be4ba8fe6
[02:18:56] [Server thread/INFO]: VJunTU[/179.208.73.25:53384] logged in with entity id 262880 at (-54.06001366433793, 16.0, -125.1663039743828)
[02:18:56] [Server thread/INFO]: VJunTU joined the game
[02:18:58] [User Authenticator #26/INFO]: UUID of player FilaBoia is 2cf65646-0008-4f33-a468-9706c73f8655
[02:18:58] [Server thread/INFO]: FilaBoia[/179.111.105.239:59923] logged in with entity id 263026 at (117.85166779245364, 62.07326432466506, 270.8490140271996)
[02:18:58] [Server thread/INFO]: FilaBoia joined the game
[02:18:59] [Server thread/WARN]: Can't keep up! Is the server overloaded? Running 2066ms or 41 ticks behind
[02:20:08] [Server thread/INFO]: [Shiga: Saved the game]
[02:26:22] [Server thread/INFO]: Gernoshauro has made the advancement [Isn't It Iron Pick]
[02:27:59] [Server thread/INFO]: mushebinha has made the advancement [We Need to Go Deeper]
[02:28:00] [Server thread/INFO]: Gernoshauro has made the advancement [We Need to Go Deeper]
[02:33:56] [Server thread/INFO]: Shiga has made the advancement [Take Aim]
[02:34:44] [Server thread/INFO]: mushebinha has made the advancement [Monster Hunter]
[02:37:30] [Server thread/WARN]: Mismatch in destroy block pos: gu{x=-5, y=37, z=-216} gu{x=-6, y=36, z=-218}
[02:37:30] [Server thread/WARN]: Mismatch in destroy block pos: gu{x=-5, y=37, z=-216} gu{x=-6, y=36, z=-218}
[02:37:31] [Server thread/WARN]: Mismatch in destroy block pos: gu{x=-5, y=37, z=-216} gu{x=-6, y=36, z=-218}
[02:37:31] [Server thread/WARN]: Mismatch in destroy block pos: gu{x=-5, y=37, z=-216} gu{x=-6, y=36, z=-218}
[02:38:53] [Server thread/INFO]: incalto has made the advancement [Who is Cutting Onions?]
[02:39:36] [Server thread/INFO]: Shiga has made the advancement [Ice Bucket Challenge]
[02:39:42] [Server thread/INFO]: Shiga has made the advancement [Who is Cutting Onions?]
[02:44:04] [Server thread/WARN]: Mismatch in destroy block pos: gu{x=58, y=68, z=-314} gu{x=57, y=69, z=-314}
[02:47:46] [Server thread/WARN]: Can't keep up! Is the server overloaded? Running 2007ms or 40 ticks behind
[02:56:30] [Server thread/WARN]: Can't keep up! Is the server overloaded? Running 2019ms or 40 ticks behind
[02:57:10] [Server thread/WARN]: Can't keep up! Is the server overloaded? Running 2006ms or 40 ticks behind
[02:59:06] [Server thread/WARN]: Can't keep up! Is the server overloaded? Running 2010ms or 40 ticks behind
[02:59:56] [Server thread/WARN]: Can't keep up! Is the server overloaded? Running 2008ms or 40 ticks behind
[03:00:25] [Server thread/WARN]: Can't keep up! Is the server overloaded? Running 2002ms or 40 ticks behind
[03:01:04] [Server thread/INFO]: mushebinha fell from a high place
[03:01:38] [Server thread/WARN]: Can't keep up! Is the server overloaded? Running 2002ms or 40 ticks behind
[03:04:41] [Server thread/WARN]: Can't keep up! Is the server overloaded? Running 2013ms or 40 ticks behind
[03:05:26] [Server thread/WARN]: Can't keep up! Is the server overloaded? Running 2002ms or 40 ticks behind
[03:05:27] [Server thread/INFO]: Shiga has made the advancement [Those Were the Days]
[03:05:48] [Server thread/INFO]: incalto has made the advancement [Those Were the Days]
[03:06:27] [Server thread/INFO]: FilaBoia has made the advancement [Those Were the Days]
[03:06:47] [Server thread/INFO]: Gernoshauro has made the advancement [Those Were the Days]
[03:08:00] [Server thread/WARN]: Can't keep up! Is the server overloaded? Running 2006ms or 40 ticks behind
[03:08:03] [Server thread/INFO]: incalto has made the advancement [War Pigs]
[03:08:38] [Server thread/INFO]: FilaBoia has made the advancement [War Pigs]
[03:11:44] [Server thread/INFO]: incalto burned to death
[03:14:29] [Server thread/WARN]: Can't keep up! Is the server overloaded? Running 2004ms or 40 ticks behind
[03:15:14] [Server thread/WARN]: Can't keep up! Is the server overloaded? Running 2003ms or 40 ticks behind
[03:15:32] [Server thread/WARN]: Can't keep up! Is the server overloaded? Running 3233ms or 64 ticks behind
[03:15:50] [Server thread/WARN]: Can't keep up! Is the server overloaded? Running 3048ms or 60 ticks behind
[03:16:09] [Server thread/WARN]: Can't keep up! Is the server overloaded? Running 3198ms or 63 ticks behind
[03:16:27] [Server thread/WARN]: Can't keep up! Is the server overloaded? Running 3753ms or 75 ticks behind
[03:16:43] [Server thread/INFO]: incalto was slain by Hoglin
[03:16:46] [Server thread/WARN]: Can't keep up! Is the server overloaded? Running 3510ms or 70 ticks behind
[03:17:43] [Server thread/INFO]: FilaBoia was slain by Piglin Brute
[03:18:11] [Server thread/WARN]: Can't keep up! Is the server overloaded? Running 2001ms or 40 ticks behind
[03:18:29] [Server thread/WARN]: Can't keep up! Is the server overloaded? Running 2311ms or 46 ticks behind
[03:18:46] [Server thread/WARN]: Can't keep up! Is the server overloaded? Running 2911ms or 58 ticks behind
[03:19:05] [Server thread/WARN]: Can't keep up! Is the server overloaded? Running 3247ms or 64 ticks behind
[03:19:24] [Server thread/WARN]: Can't keep up! Is the server overloaded? Running 4514ms or 90 ticks behind
[03:19:44] [Server thread/WARN]: Can't keep up! Is the server overloaded? Running 5325ms or 106 ticks behind
[03:20:04] [Server thread/WARN]: Can't keep up! Is the server overloaded? Running 4474ms or 89 ticks behind
[03:20:24] [Server thread/WARN]: Can't keep up! Is the server overloaded? Running 4643ms or 92 ticks behind
[03:20:44] [Server thread/WARN]: Can't keep up! Is the server overloaded? Running 5132ms or 102 ticks behind
[03:21:03] [Server thread/INFO]: Gernoshauro has made the advancement [Take Aim]
[03:21:05] [Server thread/WARN]: Can't keep up! Is the server overloaded? Running 6344ms or 126 ticks behind
[03:21:26] [Server thread/WARN]: Can't keep up! Is the server overloaded? Running 5984ms or 119 ticks behind
[03:21:47] [Server thread/WARN]: Can't keep up! Is the server overloaded? Running 6165ms or 123 ticks behind
[03:22:06] [Server thread/INFO]: Gernoshauro has made the advancement [War Pigs]
[03:22:08] [Server thread/WARN]: Can't keep up! Is the server overloaded? Running 6471ms or 129 ticks behind
[03:22:09] [Server thread/INFO]: Gernoshauro has made the advancement [Cover Me with Diamonds]
[03:22:30] [Server thread/WARN]: Can't keep up! Is the server overloaded? Running 6332ms or 126 ticks behind
[03:22:51] [Server thread/WARN]: Can't keep up! Is the server overloaded? Running 6455ms or 129 ticks behind
[03:23:12] [Server thread/WARN]: Can't keep up! Is the server overloaded? Running 5700ms or 114 ticks behind
[03:23:33] [Server thread/WARN]: Can't keep up! Is the server overloaded? Running 5848ms or 116 ticks behind
[03:23:54] [Server thread/WARN]: Can't keep up! Is the server overloaded? Running 5881ms or 117 ticks behind
[03:24:11] [Server thread/INFO]: Shiga has made the advancement [War Pigs]
[03:24:14] [Server thread/WARN]: Can't keep up! Is the server overloaded? Running 5563ms or 111 ticks behind
[03:24:35] [Server thread/WARN]: Can't keep up! Is the server overloaded? Running 5793ms or 115 ticks behind
[03:24:56] [Server thread/WARN]: Can't keep up! Is the server overloaded? Running 5791ms or 115 ticks behind
[03:25:16] [Server thread/WARN]: Can't keep up! Is the server overloaded? Running 5388ms or 107 ticks behind
[03:25:37] [Server thread/WARN]: Can't keep up! Is the server overloaded? Running 6074ms or 121 ticks behind
[03:25:58] [Server thread/WARN]: Can't keep up! Is the server overloaded? Running 5692ms or 113 ticks behind
[03:26:00] [Server thread/INFO]: <Shiga> 481 80 -654
[03:26:18] [Server thread/WARN]: Can't keep up! Is the server overloaded? Running 5778ms or 115 ticks behind
[03:26:39] [Server thread/WARN]: Can't keep up! Is the server overloaded? Running 5468ms or 109 ticks behind
[03:26:45] [Server thread/INFO]: Gernoshauro fell from a high place
[03:26:58] [Server thread/WARN]: Can't keep up! Is the server overloaded? Running 4623ms or 92 ticks behind
[03:27:19] [Server thread/WARN]: Can't keep up! Is the server overloaded? Running 5532ms or 110 ticks behind
[03:27:39] [Server thread/WARN]: Can't keep up! Is the server overloaded? Running 5225ms or 104 ticks behind
[03:27:58] [Server thread/WARN]: Can't keep up! Is the server overloaded? Running 4388ms or 87 ticks behind
[03:28:18] [Server thread/WARN]: Can't keep up! Is the server overloaded? Running 4328ms or 86 ticks behind
[03:28:37] [Server thread/WARN]: Can't keep up! Is the server overloaded? Running 3842ms or 76 ticks behind
[03:28:55] [Server thread/WARN]: Can't keep up! Is the server overloaded? Running 3323ms or 66 ticks behind
[03:29:13] [Server thread/WARN]: Can't keep up! Is the server overloaded? Running 3049ms or 60 ticks behind
[03:29:27] [Server thread/INFO]: Shiga has made the advancement [A Terrible Fortress]
[03:29:30] [Server thread/WARN]: Can't keep up! Is the server overloaded? Running 2229ms or 44 ticks behind
[03:29:48] [Server thread/WARN]: Can't keep up! Is the server overloaded? Running 3021ms or 60 ticks behind
[03:30:07] [Server thread/WARN]: Can't keep up! Is the server overloaded? Running 3878ms or 77 ticks behind
[03:30:25] [Server thread/WARN]: Can't keep up! Is the server overloaded? Running 3402ms or 68 ticks behind
[03:30:44] [Server thread/WARN]: Can't keep up! Is the server overloaded? Running 3305ms or 66 ticks behind
[03:31:02] [Server thread/WARN]: Can't keep up! Is the server overloaded? Running 3089ms or 61 ticks behind
[03:31:19] [Server thread/WARN]: Can't keep up! Is the server overloaded? Running 2629ms or 52 ticks behind
[03:31:37] [Server thread/WARN]: Can't keep up! Is the server overloaded? Running 2622ms or 52 ticks behind
[03:31:54] [Server thread/WARN]: Can't keep up! Is the server overloaded? Running 2386ms or 47 ticks behind
[03:32:11] [Server thread/WARN]: Can't keep up! Is the server overloaded? Running 2110ms or 42 ticks behind
[03:32:29] [Server thread/WARN]: Can't keep up! Is the server overloaded? Running 2008ms or 40 ticks behind
[03:32:50] [Server thread/WARN]: Can't keep up! Is the server overloaded? Running 2002ms or 40 ticks behind
[03:33:14] [Server thread/WARN]: Can't keep up! Is the server overloaded? Running 2009ms or 40 ticks behind
[03:33:33] [Server thread/WARN]: Can't keep up! Is the server overloaded? Running 3469ms or 69 ticks behind
[03:33:51] [Server thread/WARN]: Can't keep up! Is the server overloaded? Running 2893ms or 57 ticks behind
[03:34:09] [Server thread/WARN]: Can't keep up! Is the server overloaded? Running 3028ms or 60 ticks behind
[03:34:09] [Server thread/INFO]: incalto was doomed to fall by Hoglin
[03:34:22] [Server thread/INFO]: <Shiga> 356 -628
[03:34:28] [Server thread/WARN]: Can't keep up! Is the server overloaded? Running 4680ms or 93 ticks behind
[03:34:48] [Server thread/WARN]: Can't keep up! Is the server overloaded? Running 4574ms or 91 ticks behind
[03:35:06] [Server thread/WARN]: Can't keep up! Is the server overloaded? Running 3482ms or 69 ticks behind
[03:35:25] [Server thread/WARN]: Can't keep up! Is the server overloaded? Running 3357ms or 67 ticks behind
[03:35:43] [Server thread/WARN]: Can't keep up! Is the server overloaded? Running 3833ms or 76 ticks behind
[03:36:02] [Server thread/WARN]: Can't keep up! Is the server overloaded? Running 3877ms or 77 ticks behind
[03:36:26] [Server thread/WARN]: Can't keep up! Is the server overloaded? Running 2002ms or 40 ticks behind
[03:37:43] [Server thread/INFO]: Gernoshauro lost connection: Disconnected
[03:37:43] [Server thread/INFO]: Gernoshauro left the game
[03:40:13] [Server thread/WARN]: Can't keep up! Is the server overloaded? Running 2003ms or 40 ticks behind
[03:40:33] [Server thread/WARN]: Can't keep up! Is the server overloaded? Running 2006ms or 40 ticks behind
[03:41:14] [User Authenticator #27/INFO]: UUID of player Mika_hey is 12bda7d2-6dee-429e-b829-ece0a3c36a59
[03:41:14] [Server thread/INFO]: Mika_hey[/187.34.142.247:52351] logged in with entity id 300778 at (39.02048945942872, 73.0, -84.09279832346846)
[03:41:14] [Server thread/INFO]: Mika_hey joined the game
[03:41:14] [Server thread/WARN]: Can't keep up! Is the server overloaded? Running 2387ms or 47 ticks behind
[03:41:42] [Server thread/INFO]: Mika_hey lost connection: Disconnected
[03:41:42] [Server thread/INFO]: Mika_hey left the game
[03:41:48] [User Authenticator #28/INFO]: UUID of player Mika_hey is 12bda7d2-6dee-429e-b829-ece0a3c36a59
[03:41:48] [Server thread/INFO]: Mika_hey[/187.34.142.247:52380] logged in with entity id 301076 at (39.02048945942872, 73.0, -84.09279832346846)
[03:41:48] [Server thread/INFO]: Mika_hey joined the game
[03:46:09] [Server thread/WARN]: Can't keep up! Is the server overloaded? Running 2016ms or 40 ticks behind
[03:46:28] [Server thread/WARN]: Can't keep up! Is the server overloaded? Running 2005ms or 40 ticks behind
[03:46:49] [Server thread/WARN]: Can't keep up! Is the server overloaded? Running 2002ms or 40 ticks behind
[03:46:56] [Server thread/INFO]: <incalto> wtffffffffffffff
[03:47:07] [Server thread/INFO]: <Mika_hey> hehe
[03:47:10] [Server thread/INFO]: <incalto> hacks
[03:47:15] [Server thread/INFO]: <incalto> obg
[03:47:20] [Server thread/INFO]: <Mika_hey> tmj
[03:47:33] [Server thread/WARN]: Can't keep up! Is the server overloaded? Running 2001ms or 40 ticks behind
[03:48:45] [Server thread/WARN]: Can't keep up! Is the server overloaded? Running 2002ms or 40 ticks behind
[03:49:50] [Server thread/WARN]: Mismatch in destroy block pos: gu{x=-179, y=93, z=-275} gu{x=-179, y=92, z=-274}
[03:53:01] [Server thread/INFO]: Mika_hey has made the advancement [Diamonds!]
[03:56:01] [Server thread/INFO]: Mika_hey has made the advancement [A Seedy Place]
[03:56:21] [Server thread/WARN]: Can't keep up! Is the server overloaded? Running 2318ms or 46 ticks behind
[03:56:47] [Server thread/WARN]: Can't keep up! Is the server overloaded? Running 2003ms or 40 ticks behind
[03:57:15] [Server thread/WARN]: Can't keep up! Is the server overloaded? Running 2013ms or 40 ticks behind
[03:57:52] [Server thread/WARN]: Can't keep up! Is the server overloaded? Running 2002ms or 40 ticks behind
[03:57:54] [Server thread/INFO]: [Shiga: Saved the game]
[03:58:10] [Server thread/WARN]: Can't keep up! Is the server overloaded? Running 2856ms or 57 ticks behind
[04:03:55] [Server thread/INFO]: <Shiga> packed ice -> portal -> pega villagers
[04:06:12] [Server thread/WARN]: Can't keep up! Is the server overloaded? Running 2004ms or 40 ticks behind
[04:06:42] [Server thread/WARN]: Can't keep up! Is the server overloaded? Running 2001ms or 40 ticks behind
[04:06:46] [Server thread/INFO]: <incalto> -350 -1400
[04:06:47] [Server thread/INFO]: <Shiga> -350 -1400
[04:07:06] [Server thread/WARN]: Can't keep up! Is the server overloaded? Running 2006ms or 40 ticks behind
[04:07:21] [Server thread/INFO]: <incalto> 64
[04:07:36] [Server thread/WARN]: Can't keep up! Is the server overloaded? Running 2006ms or 40 ticks behind
[04:08:01] [Server thread/WARN]: Can't keep up! Is the server overloaded? Running 2005ms or 40 ticks behind
[04:08:24] [Server thread/WARN]: Can't keep up! Is the server overloaded? Running 2002ms or 40 ticks behind
[04:08:49] [Server thread/WARN]: Can't keep up! Is the server overloaded? Running 2036ms or 40 ticks behind
[04:09:06] [Server thread/WARN]: Can't keep up! Is the server overloaded? Running 2141ms or 42 ticks behind
[04:09:45] [Server thread/INFO]: Mika_hey lost connection: Disconnected
[04:09:45] [Server thread/INFO]: Mika_hey left the game
[04:09:47] [Server thread/WARN]: Can't keep up! Is the server overloaded? Running 2137ms or 42 ticks behind
[04:09:47] [Server thread/INFO]: incalto lost connection: Disconnected
[04:09:47] [Server thread/INFO]: incalto left the game
[04:09:55] [Server thread/INFO]: VJunTU lost connection: Disconnected
[04:09:55] [Server thread/INFO]: VJunTU left the game
[04:10:15] [Server thread/INFO]: mushebinha lost connection: Disconnected
[04:10:15] [Server thread/INFO]: mushebinha left the game
[04:10:18] [User Authenticator #29/INFO]: UUID of player VJunTU is 6fdedf30-7481-40c0-9365-ed1be4ba8fe6
[04:10:18] [Server thread/INFO]: VJunTU[/179.208.73.25:49701] logged in with entity id 318235 at (-12.889272109561457, 78.0, -51.9514730717127)
[04:10:18] [Server thread/INFO]: VJunTU joined the game
[04:10:19] [User Authenticator #30/INFO]: UUID of player Mika_hey is 12bda7d2-6dee-429e-b829-ece0a3c36a59
[04:10:19] [Server thread/INFO]: Mika_hey[/187.34.142.247:53493] logged in with entity id 318237 at (1242.4664864312467, 100.0, -140.99349013880678)
[04:10:19] [Server thread/INFO]: Mika_hey joined the game
[04:10:22] [Server thread/WARN]: Can't keep up! Is the server overloaded? Running 2474ms or 49 ticks behind
[04:10:27] [User Authenticator #31/INFO]: UUID of player incalto is 61787898-6da3-4348-a903-a8dbbe0102ac
[04:10:27] [Server thread/INFO]: incalto[/187.57.16.185:62672] logged in with entity id 318496 at (54.458038164057264, 72.0, 172.33163809465265)
[04:10:27] [Server thread/INFO]: incalto joined the game
[04:10:29] [User Authenticator #32/INFO]: UUID of player mushebinha is 48524226-9f0b-4c5a-9677-ba91052cfd69
[04:10:29] [Server thread/INFO]: mushebinha[/191.19.79.254:56899] logged in with entity id 318569 at (-5.624870245862605, 16.0, -103.16299671166934)
[04:10:29] [Server thread/INFO]: mushebinha joined the game
[04:11:07] [Server thread/WARN]: Can't keep up! Is the server overloaded? Running 2043ms or 40 ticks behind
[04:11:39] [Server thread/WARN]: Can't keep up! Is the server overloaded? Running 2008ms or 40 ticks behind
[04:11:57] [Server thread/WARN]: Can't keep up! Is the server overloaded? Running 2651ms or 53 ticks behind
[04:12:15] [Server thread/WARN]: Can't keep up! Is the server overloaded? Running 2687ms or 53 ticks behind
[04:12:32] [Server thread/WARN]: Can't keep up! Is the server overloaded? Running 2012ms or 40 ticks behind
[04:12:51] [Server thread/WARN]: Can't keep up! Is the server overloaded? Running 2001ms or 40 ticks behind
[04:13:10] [Server thread/WARN]: Can't keep up! Is the server overloaded? Running 2008ms or 40 ticks behind
[04:13:27] [Server thread/WARN]: Can't keep up! Is the server overloaded? Running 2057ms or 41 ticks behind
[04:13:45] [Server thread/WARN]: Can't keep up! Is the server overloaded? Running 3066ms or 61 ticks behind
[04:14:04] [Server thread/WARN]: Can't keep up! Is the server overloaded? Running 4089ms or 81 ticks behind
[04:14:05] [Server thread/INFO]: <Shiga> -307
[04:14:12] [Server thread/INFO]: <Shiga> -307 -1000
[04:14:22] [Server thread/WARN]: Can't keep up! Is the server overloaded? Running 3610ms or 72 ticks behind
[04:14:41] [Server thread/WARN]: Can't keep up! Is the server overloaded? Running 3785ms or 75 ticks behind
[04:15:00] [Server thread/WARN]: Can't keep up! Is the server overloaded? Running 3876ms or 77 ticks behind
[04:15:19] [Server thread/WARN]: Can't keep up! Is the server overloaded? Running 4273ms or 85 ticks behind
[04:15:38] [Server thread/WARN]: Can't keep up! Is the server overloaded? Running 4028ms or 80 ticks behind
[04:15:57] [Server thread/WARN]: Can't keep up! Is the server overloaded? Running 3212ms or 64 ticks behind
[04:16:14] [Server thread/WARN]: Can't keep up! Is the server overloaded? Running 2971ms or 59 ticks behind
[04:16:33] [Server thread/WARN]: Can't keep up! Is the server overloaded? Running 3750ms or 75 ticks behind
[04:16:51] [Server thread/WARN]: Can't keep up! Is the server overloaded? Running 3091ms or 61 ticks behind
[04:17:10] [Server thread/WARN]: Can't keep up! Is the server overloaded? Running 3762ms or 75 ticks behind
[04:17:30] [Server thread/WARN]: Can't keep up! Is the server overloaded? Running 4531ms or 90 ticks behind
[04:17:32] [Server thread/WARN]: Mismatch in destroy block pos: gu{x=-301, y=108, z=-1401} gu{x=-301, y=107, z=-1402}
[04:17:49] [Server thread/WARN]: Can't keep up! Is the server overloaded? Running 4306ms or 86 ticks behind
[04:18:11] [Server thread/WARN]: Can't keep up! Is the server overloaded? Running 7365ms or 147 ticks behind
[04:18:31] [Server thread/WARN]: Can't keep up! Is the server overloaded? Running 4839ms or 96 ticks behind
[04:18:51] [Server thread/WARN]: Can't keep up! Is the server overloaded? Running 4571ms or 91 ticks behind
[04:19:10] [Server thread/WARN]: Can't keep up! Is the server overloaded? Running 4768ms or 95 ticks behind
[04:19:30] [Server thread/WARN]: Can't keep up! Is the server overloaded? Running 4812ms or 96 ticks behind
[04:19:50] [Server thread/WARN]: Can't keep up! Is the server overloaded? Running 5165ms or 103 ticks behind
[04:20:11] [Server thread/WARN]: Can't keep up! Is the server overloaded? Running 5836ms or 116 ticks behind
[04:20:16] [Server thread/WARN]: Mismatch in destroy block pos: gu{x=-282, y=116, z=-1403} gu{x=-280, y=115, z=-1402}
[04:20:16] [Server thread/WARN]: Mismatch in destroy block pos: gu{x=-282, y=116, z=-1403} gu{x=-280, y=115, z=-1402}
[04:20:16] [Server thread/WARN]: Mismatch in destroy block pos: gu{x=-282, y=116, z=-1403} gu{x=-280, y=115, z=-1402}
[04:20:16] [Server thread/WARN]: Mismatch in destroy block pos: gu{x=-282, y=116, z=-1403} gu{x=-280, y=115, z=-1402}
[04:20:16] [Server thread/WARN]: Mismatch in destroy block pos: gu{x=-282, y=116, z=-1403} gu{x=-280, y=115, z=-1402}
[04:20:16] [Server thread/WARN]: Mismatch in destroy block pos: gu{x=-282, y=116, z=-1403} gu{x=-280, y=115, z=-1402}
[04:20:16] [Server thread/WARN]: Mismatch in destroy block pos: gu{x=-282, y=116, z=-1403} gu{x=-280, y=115, z=-1402}
[04:20:16] [Server thread/WARN]: Mismatch in destroy block pos: gu{x=-282, y=116, z=-1403} gu{x=-280, y=115, z=-1402}
[04:20:16] [Server thread/WARN]: Mismatch in destroy block pos: gu{x=-282, y=116, z=-1403} gu{x=-280, y=115, z=-1402}
[04:20:33] [Server thread/WARN]: Can't keep up! Is the server overloaded? Running 6877ms or 137 ticks behind
[04:20:54] [Server thread/WARN]: Can't keep up! Is the server overloaded? Running 6326ms or 126 ticks behind
[04:21:15] [Server thread/WARN]: Can't keep up! Is the server overloaded? Running 6057ms or 121 ticks behind
[04:21:38] [Server thread/WARN]: Can't keep up! Is the server overloaded? Running 7818ms or 156 ticks behind
[04:22:02] [Server thread/WARN]: Can't keep up! Is the server overloaded? Running 8894ms or 177 ticks behind
[04:22:25] [Server thread/WARN]: Can't keep up! Is the server overloaded? Running 8560ms or 171 ticks behind
[04:22:50] [Server thread/WARN]: Can't keep up! Is the server overloaded? Running 9101ms or 182 ticks behind
[04:23:13] [Server thread/WARN]: Can't keep up! Is the server overloaded? Running 8746ms or 174 ticks behind
[04:23:38] [Server thread/WARN]: Can't keep up! Is the server overloaded? Running 9411ms or 188 ticks behind
[04:24:03] [Server thread/WARN]: Can't keep up! Is the server overloaded? Running 10671ms or 213 ticks behind
[04:24:29] [Server thread/WARN]: Can't keep up! Is the server overloaded? Running 10282ms or 205 ticks behind
[04:24:54] [Server thread/WARN]: Can't keep up! Is the server overloaded? Running 10346ms or 206 ticks behind
[04:25:12] [Server thread/WARN]: Mismatch in destroy block pos: gu{x=-292, y=122, z=-1386} gu{x=-293, y=122, z=-1386}
[04:25:20] [Server thread/WARN]: Can't keep up! Is the server overloaded? Running 11111ms or 222 ticks behind
[04:25:31] [Server thread/INFO]: incalto was blown up by Creeper
[04:25:46] [Server thread/WARN]: Can't keep up! Is the server overloaded? Running 10593ms or 211 ticks behind
[04:25:55] [Server thread/INFO]: <Hid_desu> ta fazeno oq ai tundi?
[04:26:07] [Server thread/WARN]: Can't keep up! Is the server overloaded? Running 6523ms or 130 ticks behind
[04:26:08] [Server thread/INFO]: <incalto> zzz?
[04:26:13] [Server thread/INFO]: incalto lost connection: Disconnected
[04:26:13] [Server thread/INFO]: incalto left the game
[04:26:15] [Server thread/INFO]: Shiga lost connection: Disconnected
[04:26:15] [Server thread/INFO]: Shiga left the game
[04:26:15] [Server thread/INFO]: Mika_hey lost connection: Disconnected
[04:26:15] [Server thread/INFO]: Mika_hey left the game
[04:26:19] [Server thread/INFO]: FilaBoia lost connection: Disconnected
[04:26:19] [Server thread/INFO]: FilaBoia left the game
[04:26:21] [Server thread/INFO]: mushebinha lost connection: Disconnected
[04:26:21] [Server thread/INFO]: mushebinha left the game
[04:26:28] [Server thread/INFO]: Hid_desu lost connection: Disconnected
[04:26:28] [Server thread/INFO]: Hid_desu left the game
[04:26:31] [User Authenticator #33/INFO]: UUID of player Mika_hey is 12bda7d2-6dee-429e-b829-ece0a3c36a59
[04:26:31] [Server thread/INFO]: Mika_hey[/187.34.142.247:54058] logged in with entity id 334269 at (1016.8193517234738, 62.07326432466507, 520.8107361660528)
[04:26:31] [Server thread/INFO]: Mika_hey joined the game
[04:26:32] [User Authenticator #34/INFO]: UUID of player incalto is 61787898-6da3-4348-a903-a8dbbe0102ac
[04:26:33] [Server thread/INFO]: incalto[/187.57.16.185:63193] logged in with entity id 334316 at (77.69696456343665, 62.073264324665075, 67.2676280091452)
[04:26:33] [Server thread/INFO]: incalto joined the game
[04:26:33] [User Authenticator #35/INFO]: UUID of player mushebinha is 48524226-9f0b-4c5a-9677-ba91052cfd69
[04:26:33] [User Authenticator #36/INFO]: UUID of player FilaBoia is 2cf65646-0008-4f33-a468-9706c73f8655
[04:26:33] [Server thread/INFO]: FilaBoia[/179.111.105.239:62948] logged in with entity id 334355 at (-289.8257216303036, 122.0, -1377.6456807568015)
[04:26:33] [User Authenticator #37/INFO]: UUID of player Hid_desu is e932eb49-9770-44e1-a5b4-e451478e6ae6
[04:26:33] [Server thread/INFO]: FilaBoia joined the game
[04:26:33] [Server thread/INFO]: mushebinha[/191.19.79.254:57634] logged in with entity id 334356 at (127.76141093261975, 70.0, -139.97987781321572)
[04:26:33] [Server thread/INFO]: mushebinha joined the game
[04:26:35] [Server thread/WARN]: Can't keep up! Is the server overloaded? Running 2172ms or 43 ticks behind
[04:26:35] [Server thread/INFO]: Hid_desu[/177.45.235.13:60255] logged in with entity id 334372 at (128.6413611522107, 70.0, -143.04525360792996)
[04:26:35] [Server thread/INFO]: Hid_desu joined the game
[04:26:42] [Server thread/INFO]: com.mojang.authlib.GameProfile@77a946d5[id=<null>,name=Shiga,properties={},legacy=false] (/191.19.79.254:60043) lost connection: Disconnected
[04:26:44] [User Authenticator #38/INFO]: UUID of player Shiga is 0ee2e2bb-7b82-4a4f-b07d-4108435e7e06
[04:26:44] [Server thread/INFO]: Shiga[/191.19.79.254:60327] logged in with entity id 334902 at (-279.6122333817371, 116.0, -1390.1775356395892)
[04:26:44] [Server thread/INFO]: Shiga joined the game
[04:26:53] [Server thread/WARN]: Can't keep up! Is the server overloaded? Running 2966ms or 59 ticks behind
[04:27:10] [Server thread/INFO]: incalto was blown up by Creeper
[04:27:15] [Server thread/WARN]: Can't keep up! Is the server overloaded? Running 2010ms or 40 ticks behind
[04:28:00] [Server thread/WARN]: Can't keep up! Is the server overloaded? Running 2020ms or 40 ticks behind
[04:28:20] [Server thread/WARN]: Can't keep up! Is the server overloaded? Running 2017ms or 40 ticks behind
[04:28:40] [Server thread/WARN]: Can't keep up! Is the server overloaded? Running 4897ms or 97 ticks behind
[04:28:59] [Server thread/WARN]: Can't keep up! Is the server overloaded? Running 4367ms or 87 ticks behind
[04:29:18] [Server thread/WARN]: Can't keep up! Is the server overloaded? Running 3938ms or 78 ticks behind
[04:29:33] [Server thread/INFO]: incalto was blown up by Creeper
[04:29:38] [Server thread/WARN]: Can't keep up! Is the server overloaded? Running 4947ms or 98 ticks behind
[04:29:58] [Server thread/WARN]: Can't keep up! Is the server overloaded? Running 2040ms or 40 ticks behind
[04:30:16] [Server thread/WARN]: Can't keep up! Is the server overloaded? Running 3626ms or 72 ticks behind
[04:30:37] [Server thread/WARN]: Can't keep up! Is the server overloaded? Running 5416ms or 108 ticks behind
[04:30:56] [Server thread/WARN]: Can't keep up! Is the server overloaded? Running 4861ms or 97 ticks behind
[04:31:16] [Server thread/WARN]: Can't keep up! Is the server overloaded? Running 4532ms or 90 ticks behind
[04:31:35] [Server thread/WARN]: Can't keep up! Is the server overloaded? Running 4195ms or 83 ticks behind
[04:31:58] [Server thread/WARN]: Can't keep up! Is the server overloaded? Running 8188ms or 163 ticks behind
[04:32:21] [Server thread/WARN]: Can't keep up! Is the server overloaded? Running 7831ms or 156 ticks behind
[04:32:42] [Server thread/WARN]: Can't keep up! Is the server overloaded? Running 6285ms or 125 ticks behind
[04:33:02] [Server thread/WARN]: Can't keep up! Is the server overloaded? Running 5160ms or 103 ticks behind
[04:33:22] [Server thread/WARN]: Can't keep up! Is the server overloaded? Running 4925ms or 98 ticks behind
[04:33:42] [Server thread/WARN]: Can't keep up! Is the server overloaded? Running 4671ms or 93 ticks behind
[04:34:01] [Server thread/WARN]: Can't keep up! Is the server overloaded? Running 4184ms or 83 ticks behind
[04:34:20] [Server thread/WARN]: Can't keep up! Is the server overloaded? Running 3903ms or 78 ticks behind
[04:34:38] [Server thread/WARN]: Can't keep up! Is the server overloaded? Running 2492ms or 49 ticks behind
[04:34:55] [Server thread/WARN]: Can't keep up! Is the server overloaded? Running 2098ms or 41 ticks behind
[04:35:02] [Server thread/INFO]: <Hid_desu> eu fiiiiz
[04:36:48] [Server thread/INFO]: <Hid_desu> 21
[04:37:08] [Server thread/INFO]: <Hid_desu> ganhando nível farmando só
[04:38:50] [Server thread/INFO]: incalto lost connection: Disconnected
[04:38:50] [Server thread/INFO]: incalto left the game
[04:38:52] [Server thread/INFO]: VJunTU lost connection: Disconnected
[04:38:52] [Server thread/INFO]: VJunTU left the game
[04:39:17] [User Authenticator #39/INFO]: UUID of player VJunTU is 6fdedf30-7481-40c0-9365-ed1be4ba8fe6
[04:39:17] [User Authenticator #40/INFO]: UUID of player incalto is 61787898-6da3-4348-a903-a8dbbe0102ac
[04:39:17] [Server thread/INFO]: VJunTU[/179.208.73.25:61957] logged in with entity id 346716 at (-13.207108770971164, 73.0, -29.423479303598103)
[04:39:17] [Server thread/INFO]: VJunTU joined the game
[04:39:18] [Server thread/INFO]: incalto[/187.57.16.185:63535] logged in with entity id 346717 at (55.348205749475206, 74.0, 170.03697972679396)
[04:39:18] [Server thread/INFO]: incalto joined the game
[04:39:20] [Server thread/WARN]: Can't keep up! Is the server overloaded? Running 2031ms or 40 ticks behind
[04:39:25] [Server thread/INFO]: [Shiga: Saved the game]
[04:39:54] [Server thread/INFO]: <Hid_desu> q isso kkkkkk
[04:40:29] [Server thread/INFO]: <Hid_desu> isso é música ou é a mayumi cantando?
[04:41:31] [Server thread/INFO]: Shiga lost connection: Disconnected
[04:41:31] [Server thread/INFO]: Shiga left the game
[04:42:19] [Server thread/INFO]: <Hid_desu> siim
[04:45:47] [Server thread/INFO]: <Hid_desu> eu fiz a casinha das cerejeiras, mas podem usar lá tbm
[04:49:39] [Server thread/INFO]: Hid_desu lost connection: Disconnected
[04:49:39] [Server thread/INFO]: Hid_desu left the game
[04:49:44] [User Authenticator #41/INFO]: UUID of player Hid_desu is e932eb49-9770-44e1-a5b4-e451478e6ae6
[04:49:44] [Server thread/INFO]: Hid_desu[/177.45.235.13:60301] logged in with entity id 354613 at (59.861886657694846, 69.0, -103.86869495767525)
[04:49:44] [Server thread/INFO]: Hid_desu joined the game
[04:51:11] [Server thread/INFO]: <Hid_desu> vish, não to conseguindo colocar blocos, acho q bugou aqui
[04:53:00] [Server thread/INFO]: <Hid_desu> ah, na área do respawn não dá pra mexer os blocos?
[04:53:31] [Server thread/INFO]: <Hid_desu> F projeto de ponte T-T
[04:53:51] [Server thread/INFO]: <Hid_desu> não precisaa
[04:53:54] [Server thread/INFO]: <Hid_desu> de buenas
[04:54:59] [Server thread/INFO]: <Hid_desu> nop kkkkkkk
[04:55:18] [Server thread/INFO]: <Hid_desu> vo dormi na vida real gente
[04:55:21] [Server thread/INFO]: <Hid_desu> valeuu
[04:55:31] [Server thread/INFO]: Hid_desu lost connection: Disconnected
[04:55:31] [Server thread/INFO]: Hid_desu left the game
[04:56:12] [Server thread/WARN]: Can't keep up! Is the server overloaded? Running 2005ms or 40 ticks behind
[04:57:15] [Server thread/WARN]: Can't keep up! Is the server overloaded? Running 2002ms or 40 ticks behind
[04:57:22] [User Authenticator #42/INFO]: UUID of player Shiga is 0ee2e2bb-7b82-4a4f-b07d-4108435e7e06
[04:57:22] [Server thread/INFO]: Shiga[/191.19.79.254:62569] logged in with entity id 358452 at (41.54555222197933, 73.5625, -85.96466097650801)
[04:57:22] [Server thread/INFO]: Shiga joined the game
[04:57:35] [Server thread/WARN]: Can't keep up! Is the server overloaded? Running 2013ms or 40 ticks behind
[04:57:53] [Server thread/WARN]: Can't keep up! Is the server overloaded? Running 3018ms or 60 ticks behind
[04:58:40] [Server thread/WARN]: Can't keep up! Is the server overloaded? Running 2005ms or 40 ticks behind
[04:58:59] [Server thread/WARN]: Can't keep up! Is the server overloaded? Running 2005ms or 40 ticks behind
[04:59:36] [Server thread/WARN]: Can't keep up! Is the server overloaded? Running 2001ms or 40 ticks behind
[05:00:05] [Server thread/WARN]: Can't keep up! Is the server overloaded? Running 2019ms or 40 ticks behind
[05:00:21] [Server thread/INFO]: <FilaBoia> 225 2051
[05:00:23] [Server thread/WARN]: Can't keep up! Is the server overloaded? Running 2565ms or 51 ticks behind
[05:00:41] [Server thread/WARN]: Can't keep up! Is the server overloaded? Running 3085ms or 61 ticks behind
[05:00:58] [Server thread/WARN]: Can't keep up! Is the server overloaded? Running 2482ms or 49 ticks behind
[05:01:16] [Server thread/WARN]: Can't keep up! Is the server overloaded? Running 2925ms or 58 ticks behind
[05:01:34] [Server thread/WARN]: Can't keep up! Is the server overloaded? Running 2397ms or 47 ticks behind
[05:01:53] [Server thread/WARN]: Can't keep up! Is the server overloaded? Running 4207ms or 84 ticks behind
[05:02:12] [Server thread/WARN]: Can't keep up! Is the server overloaded? Running 4128ms or 82 ticks behind
[05:02:33] [Server thread/WARN]: Can't keep up! Is the server overloaded? Running 5561ms or 111 ticks behind
[05:02:54] [Server thread/WARN]: Can't keep up! Is the server overloaded? Running 6386ms or 127 ticks behind
[05:03:15] [Server thread/WARN]: Can't keep up! Is the server overloaded? Running 6367ms or 127 ticks behind
[05:03:39] [Server thread/WARN]: Can't keep up! Is the server overloaded? Running 8472ms or 169 ticks behind
[05:04:02] [Server thread/WARN]: Can't keep up! Is the server overloaded? Running 7992ms or 159 ticks behind
[05:04:24] [Server thread/WARN]: Can't keep up! Is the server overloaded? Running 7095ms or 141 ticks behind
[05:04:27] [Server thread/INFO]: mushebinha lost connection: Disconnected
[05:04:27] [Server thread/INFO]: mushebinha left the game
[05:04:36] [Server thread/INFO]: VJunTU lost connection: Disconnected
[05:04:36] [Server thread/INFO]: VJunTU left the game
[05:04:43] [Server thread/WARN]: Can't keep up! Is the server overloaded? Running 4547ms or 90 ticks behind
[05:05:03] [Server thread/WARN]: Can't keep up! Is the server overloaded? Running 4663ms or 93 ticks behind
[05:05:22] [Server thread/WARN]: Can't keep up! Is the server overloaded? Running 4263ms or 85 ticks behind
[05:05:41] [Server thread/WARN]: Can't keep up! Is the server overloaded? Running 4073ms or 81 ticks behind
[05:06:00] [Server thread/WARN]: Can't keep up! Is the server overloaded? Running 3495ms or 69 ticks behind
[05:06:18] [Server thread/WARN]: Can't keep up! Is the server overloaded? Running 3130ms or 62 ticks behind
[05:06:35] [Server thread/WARN]: Can't keep up! Is the server overloaded? Running 2350ms or 47 ticks behind
[05:06:52] [Server thread/WARN]: Can't keep up! Is the server overloaded? Running 2001ms or 40 ticks behind
[05:07:12] [Server thread/WARN]: Can't keep up! Is the server overloaded? Running 2001ms or 40 ticks behind
[05:07:55] [Server thread/WARN]: Can't keep up! Is the server overloaded? Running 2004ms or 40 ticks behind
[05:08:20] [Server thread/WARN]: Can't keep up! Is the server overloaded? Running 2011ms or 40 ticks behind
[05:08:50] [Server thread/WARN]: Can't keep up! Is the server overloaded? Running 2007ms or 40 ticks behind
[05:09:12] [Server thread/WARN]: Can't keep up! Is the server overloaded? Running 2002ms or 40 ticks behind
[05:10:29] [Server thread/WARN]: Can't keep up! Is the server overloaded? Running 2001ms or 40 ticks behind
[05:12:44] [Server thread/WARN]: Boat (vehicle of Shiga) moved wrongly! 0.47558270919944334
[05:12:44] [Server thread/WARN]: Boat (vehicle of Shiga) moved wrongly! 0.36341731429138235
[05:12:44] [Server thread/WARN]: Boat (vehicle of Shiga) moved wrongly! 0.2757858865329581
[05:13:03] [Server thread/INFO]: <incalto> vo reiniciar o pc lol
[05:13:05] [Server thread/INFO]: incalto lost connection: Disconnected
[05:13:05] [Server thread/INFO]: incalto left the game
[05:16:20] [User Authenticator #43/INFO]: UUID of player incalto is 61787898-6da3-4348-a903-a8dbbe0102ac
[05:16:20] [Server thread/INFO]: incalto[/187.57.16.185:50173] logged in with entity id 370628 at (53.07737570656594, 72.0, 170.30000001192093)
[05:16:20] [Server thread/INFO]: incalto joined the game
[05:19:36] [Server thread/WARN]: Can't keep up! Is the server overloaded? Running 2457ms or 49 ticks behind
[05:20:01] [Server thread/WARN]: Can't keep up! Is the server overloaded? Running 2011ms or 40 ticks behind
[05:20:21] [Server thread/WARN]: Can't keep up! Is the server overloaded? Running 2001ms or 40 ticks behind
[05:20:42] [Server thread/WARN]: Can't keep up! Is the server overloaded? Running 2002ms or 40 ticks behind
[05:21:04] [Server thread/WARN]: Can't keep up! Is the server overloaded? Running 2003ms or 40 ticks behind
[05:21:31] [Server thread/WARN]: Can't keep up! Is the server overloaded? Running 2002ms or 40 ticks behind
[05:23:35] [Server thread/WARN]: Can't keep up! Is the server overloaded? Running 2003ms or 40 ticks behind
[05:24:06] [Server thread/WARN]: Can't keep up! Is the server overloaded? Running 2028ms or 40 ticks behind
[05:24:53] [Server thread/WARN]: Can't keep up! Is the server overloaded? Running 2202ms or 44 ticks behind
[05:25:13] [Server thread/WARN]: Can't keep up! Is the server overloaded? Running 2008ms or 40 ticks behind
[05:26:09] [Server thread/WARN]: Can't keep up! Is the server overloaded? Running 2008ms or 40 ticks behind
[05:27:21] [Server thread/INFO]: Mika_hey has made the advancement [The Parrots and the Bats]
[05:27:40] [Server thread/WARN]: Can't keep up! Is the server overloaded? Running 2001ms or 40 ticks behind
[05:27:58] [Server thread/WARN]: Can't keep up! Is the server overloaded? Running 2843ms or 56 ticks behind
[05:29:43] [Server thread/WARN]: Mismatch in destroy block pos: gu{x=286, y=61, z=1992} gu{x=287, y=61, z=1991}
[05:29:43] [Server thread/WARN]: Mismatch in destroy block pos: gu{x=286, y=61, z=1992} gu{x=287, y=61, z=1991}
[05:29:43] [Server thread/WARN]: Mismatch in destroy block pos: gu{x=286, y=61, z=1992} gu{x=287, y=61, z=1991}
[05:30:28] [Server thread/WARN]: Mismatch in destroy block pos: gu{x=281, y=60, z=2004} gu{x=280, y=60, z=2003}
[05:30:28] [Server thread/WARN]: Mismatch in destroy block pos: gu{x=281, y=60, z=2004} gu{x=280, y=60, z=2003}
[05:30:28] [Server thread/WARN]: Mismatch in destroy block pos: gu{x=281, y=60, z=2004} gu{x=280, y=60, z=2003}
[05:30:29] [Server thread/WARN]: Mismatch in destroy block pos: gu{x=281, y=60, z=2004} gu{x=280, y=60, z=2003}
[05:30:29] [Server thread/WARN]: Mismatch in destroy block pos: gu{x=281, y=60, z=2004} gu{x=280, y=60, z=2003}
[05:30:29] [Server thread/WARN]: Mismatch in destroy block pos: gu{x=281, y=60, z=2004} gu{x=280, y=60, z=2003}
[05:30:29] [Server thread/WARN]: Mismatch in destroy block pos: gu{x=281, y=60, z=2004} gu{x=280, y=60, z=2003}
[05:30:29] [Server thread/WARN]: Mismatch in destroy block pos: gu{x=281, y=60, z=2004} gu{x=280, y=60, z=2003}
[05:30:29] [Server thread/WARN]: Mismatch in destroy block pos: gu{x=281, y=60, z=2004} gu{x=280, y=60, z=2003}
[05:30:29] [Server thread/WARN]: Mismatch in destroy block pos: gu{x=281, y=60, z=2004} gu{x=280, y=60, z=2003}
[05:30:29] [Server thread/WARN]: Mismatch in destroy block pos: gu{x=281, y=60, z=2004} gu{x=280, y=60, z=2003}
[05:30:29] [Server thread/WARN]: Mismatch in destroy block pos: gu{x=281, y=60, z=2004} gu{x=280, y=60, z=2003}
[05:30:29] [Server thread/WARN]: Mismatch in destroy block pos: gu{x=281, y=60, z=2004} gu{x=280, y=60, z=2003}
[05:30:29] [Server thread/WARN]: Mismatch in destroy block pos: gu{x=281, y=60, z=2004} gu{x=280, y=60, z=2003}
[05:30:29] [Server thread/WARN]: Mismatch in destroy block pos: gu{x=281, y=60, z=2004} gu{x=280, y=60, z=2003}
[05:30:29] [Server thread/WARN]: Mismatch in destroy block pos: gu{x=281, y=60, z=2004} gu{x=280, y=60, z=2003}
[05:30:29] [Server thread/WARN]: Mismatch in destroy block pos: gu{x=281, y=60, z=2004} gu{x=280, y=60, z=2003}
[05:30:29] [Server thread/WARN]: Mismatch in destroy block pos: gu{x=281, y=60, z=2004} gu{x=280, y=60, z=2003}
[05:30:29] [Server thread/WARN]: Mismatch in destroy block pos: gu{x=281, y=60, z=2004} gu{x=280, y=60, z=2003}
[05:30:29] [Server thread/WARN]: Mismatch in destroy block pos: gu{x=281, y=60, z=2004} gu{x=280, y=60, z=2003}
[05:30:29] [Server thread/WARN]: Mismatch in destroy block pos: gu{x=281, y=60, z=2004} gu{x=280, y=60, z=2003}
[05:30:29] [Server thread/WARN]: Mismatch in destroy block pos: gu{x=281, y=60, z=2004} gu{x=280, y=60, z=2003}
[05:30:29] [Server thread/WARN]: Mismatch in destroy block pos: gu{x=281, y=60, z=2004} gu{x=280, y=60, z=2003}
[05:30:30] [Server thread/WARN]: Mismatch in destroy block pos: gu{x=281, y=60, z=2004} gu{x=280, y=60, z=2003}
[05:30:30] [Server thread/WARN]: Mismatch in destroy block pos: gu{x=281, y=60, z=2004} gu{x=280, y=60, z=2003}
[05:30:30] [Server thread/WARN]: Mismatch in destroy block pos: gu{x=281, y=60, z=2004} gu{x=280, y=60, z=2003}
[05:30:30] [Server thread/WARN]: Mismatch in destroy block pos: gu{x=281, y=60, z=2004} gu{x=280, y=60, z=2003}
[05:30:30] [Server thread/WARN]: Mismatch in destroy block pos: gu{x=281, y=60, z=2004} gu{x=280, y=60, z=2003}
[05:30:30] [Server thread/WARN]: Mismatch in destroy block pos: gu{x=281, y=60, z=2004} gu{x=280, y=60, z=2003}
[05:30:30] [Server thread/WARN]: Mismatch in destroy block pos: gu{x=281, y=60, z=2004} gu{x=280, y=60, z=2003}
[05:30:30] [Server thread/WARN]: Mismatch in destroy block pos: gu{x=281, y=60, z=2004} gu{x=280, y=60, z=2003}
[05:30:30] [Server thread/WARN]: Mismatch in destroy block pos: gu{x=281, y=60, z=2004} gu{x=280, y=60, z=2003}
[05:30:30] [Server thread/WARN]: Mismatch in destroy block pos: gu{x=281, y=60, z=2004} gu{x=280, y=60, z=2003}
[05:31:24] [Server thread/WARN]: Mismatch in destroy block pos: gu{x=280, y=60, z=1994} gu{x=280, y=59, z=1993}
[05:31:24] [Server thread/WARN]: Mismatch in destroy block pos: gu{x=280, y=60, z=1994} gu{x=280, y=59, z=1993}
[05:31:24] [Server thread/WARN]: Mismatch in destroy block pos: gu{x=280, y=60, z=1994} gu{x=280, y=59, z=1993}
[05:31:24] [Server thread/WARN]: Mismatch in destroy block pos: gu{x=280, y=60, z=1994} gu{x=280, y=59, z=1993}
[05:31:24] [Server thread/WARN]: Mismatch in destroy block pos: gu{x=280, y=60, z=1994} gu{x=280, y=59, z=1993}
[05:31:24] [Server thread/WARN]: Mismatch in destroy block pos: gu{x=280, y=60, z=1994} gu{x=280, y=59, z=1993}
[05:33:01] [Server thread/WARN]: Can't keep up! Is the server overloaded? Running 2001ms or 40 ticks behind
[05:33:20] [Server thread/WARN]: Can't keep up! Is the server overloaded? Running 2004ms or 40 ticks behind
[05:33:37] [Server thread/WARN]: Can't keep up! Is the server overloaded? Running 2613ms or 52 ticks behind
[05:36:23] [Server thread/WARN]: Can't keep up! Is the server overloaded? Running 2003ms or 40 ticks behind
[05:37:05] [Server thread/WARN]: Can't keep up! Is the server overloaded? Running 2029ms or 40 ticks behind
[05:38:56] [Server thread/WARN]: Can't keep up! Is the server overloaded? Running 2039ms or 40 ticks behind
[05:39:15] [Server thread/WARN]: Can't keep up! Is the server overloaded? Running 2005ms or 40 ticks behind
[05:39:45] [Server thread/WARN]: Can't keep up! Is the server overloaded? Running 2010ms or 40 ticks behind
[05:40:11] [Server thread/WARN]: Can't keep up! Is the server overloaded? Running 2003ms or 40 ticks behind
[05:40:30] [Server thread/WARN]: Can't keep up! Is the server overloaded? Running 3749ms or 74 ticks behind
[05:40:53] [Server thread/WARN]: Can't keep up! Is the server overloaded? Running 2002ms or 40 ticks behind
[05:41:22] [Server thread/WARN]: Can't keep up! Is the server overloaded? Running 2005ms or 40 ticks behind
[05:42:20] [Server thread/WARN]: Can't keep up! Is the server overloaded? Running 2010ms or 40 ticks behind
[05:42:38] [Server thread/WARN]: Can't keep up! Is the server overloaded? Running 3465ms or 69 ticks behind
[05:42:56] [Server thread/WARN]: Can't keep up! Is the server overloaded? Running 2721ms or 54 ticks behind
[05:43:14] [Server thread/WARN]: Can't keep up! Is the server overloaded? Running 2010ms or 40 ticks behind
[05:43:33] [Server thread/WARN]: Can't keep up! Is the server overloaded? Running 2004ms or 40 ticks behind
[05:43:54] [Server thread/WARN]: Can't keep up! Is the server overloaded? Running 2002ms or 40 ticks behind
[05:44:20] [Server thread/WARN]: Can't keep up! Is the server overloaded? Running 2007ms or 40 ticks behind
[05:44:51] [Server thread/WARN]: Can't keep up! Is the server overloaded? Running 2005ms or 40 ticks behind
[05:49:31] [Server thread/WARN]: Boat (vehicle of Shiga) moved wrongly! 0.4650199458175148
[05:50:14] [Server thread/WARN]: Boat (vehicle of FilaBoia) moved wrongly! 1.121364020648997
[05:50:14] [Server thread/WARN]: Boat (vehicle of FilaBoia) moved wrongly! 1.526642490774293
[05:50:14] [Server thread/WARN]: Boat (vehicle of FilaBoia) moved wrongly! 1.532111030034855
[05:50:14] [Server thread/WARN]: Boat (vehicle of FilaBoia) moved wrongly! 0.57004787542229
[05:58:17] [Server thread/WARN]: Can't keep up! Is the server overloaded? Running 2012ms or 40 ticks behind
[06:00:14] [Server thread/INFO]: Shiga lost connection: Disconnected
[06:00:14] [Server thread/INFO]: Shiga left the game
[06:00:16] [Server thread/INFO]: incalto lost connection: Disconnected
[06:00:16] [Server thread/INFO]: incalto left the game
[06:00:34] [User Authenticator #44/INFO]: UUID of player incalto is 61787898-6da3-4348-a903-a8dbbe0102ac
[06:00:34] [Server thread/INFO]: incalto[/187.57.16.185:51383] logged in with entity id 398752 at (-98.51946649432378, -58.0, -307.2775419238821)
[06:00:34] [Server thread/INFO]: incalto joined the game
[06:00:34] [User Authenticator #45/INFO]: UUID of player Shiga is 0ee2e2bb-7b82-4a4f-b07d-4108435e7e06
[06:00:34] [Server thread/INFO]: Shiga[/191.19.79.254:49564] logged in with entity id 398753 at (54.82213025832895, 72.0, 171.03284587614277)
[06:00:34] [Server thread/INFO]: Shiga joined the game
[06:00:38] [Server thread/WARN]: Can't keep up! Is the server overloaded? Running 2030ms or 40 ticks behind
[06:01:17] [Server thread/INFO]: FilaBoia lost connection: Disconnected
[06:01:17] [Server thread/INFO]: FilaBoia left the game
[06:06:52] [Server thread/INFO]: Shiga lost connection: Disconnected
[06:06:52] [Server thread/INFO]: Shiga left the game
[06:06:53] [User Authenticator #46/INFO]: UUID of player Shiga is 0ee2e2bb-7b82-4a4f-b07d-4108435e7e06
[06:06:53] [Server thread/INFO]: Shiga[/191.19.79.254:50261] logged in with entity id 402542 at (54.90231975340755, 72.0, 170.88463620388458)
[06:06:53] [Server thread/INFO]: Shiga joined the game
[06:06:58] [Server thread/INFO]: Shiga lost connection: Disconnected
[06:06:58] [Server thread/INFO]: Shiga left the game
[06:07:22] [Server thread/INFO]: Saving the game (this may take a moment!)
[06:07:22] [Server thread/INFO]: Saved the game
