[19:37:04] [ServerMain/INFO]: Environment: authHost='https://authserver.mojang.com', accountsHost='https://api.mojang.com', sessionHost='https://sessionserver.mojang.com', servicesHost='https://api.minecraftservices.com', name='PROD'
[19:37:07] [ServerMain/INFO]: Loaded 7 recipes
[19:37:08] [ServerMain/INFO]: Loaded 1271 advancements
[19:37:09] [Server thread/INFO]: Starting minecraft server version 1.20.1
[19:37:09] [Server thread/INFO]: Loading properties
[19:37:09] [Server thread/INFO]: Default game type: SURVIVAL
[19:37:09] [Server thread/INFO]: Generating keypair
[19:37:09] [Server thread/INFO]: Starting Minecraft server on *:25565
[19:37:09] [Server thread/INFO]: Using epoll channel type
[19:37:10] [Server thread/WARN]: **** SERVER IS RUNNING IN OFFLINE/INSECURE MODE!
[19:37:10] [Server thread/WARN]: The server will make no attempt to authenticate usernames. Beware.
[19:37:10] [Server thread/WARN]: While this makes the game possible to play without internet access, it also opens up the ability for hackers to connect with any username they choose.
[19:37:10] [Server thread/WARN]: To change this, set "online-mode" to "true" in the server.properties file.
[19:37:10] [Server thread/INFO]: Preparing level "world"
[19:37:20] [Server thread/INFO]: Preparing start region for dimension minecraft:overworld
[19:37:28] [Worker-Main-1/INFO]: Preparing spawn area: 0%
[19:37:28] [Worker-Main-1/INFO]: Preparing spawn area: 0%
[19:37:28] [Worker-Main-1/INFO]: Preparing spawn area: 0%
[19:37:28] [Worker-Main-1/INFO]: Preparing spawn area: 0%
[19:37:28] [Worker-Main-1/INFO]: Preparing spawn area: 0%
[19:37:28] [Worker-Main-1/INFO]: Preparing spawn area: 0%
[19:37:28] [Worker-Main-1/INFO]: Preparing spawn area: 0%
[19:37:28] [Worker-Main-1/INFO]: Preparing spawn area: 0%
[19:37:28] [Worker-Main-1/INFO]: Preparing spawn area: 0%
[19:37:28] [Worker-Main-1/INFO]: Preparing spawn area: 0%
[19:37:28] [Worker-Main-1/INFO]: Preparing spawn area: 0%
[19:37:28] [Worker-Main-1/INFO]: Preparing spawn area: 0%
[19:37:28] [Worker-Main-1/INFO]: Preparing spawn area: 0%
[19:37:28] [Worker-Main-1/INFO]: Preparing spawn area: 0%
[19:37:28] [Worker-Main-1/INFO]: Preparing spawn area: 0%
[19:37:28] [Worker-Main-1/INFO]: Preparing spawn area: 0%
[19:37:28] [Worker-Main-1/INFO]: Preparing spawn area: 0%
[19:37:28] [Worker-Main-1/INFO]: Preparing spawn area: 0%
[19:37:29] [Worker-Main-1/INFO]: Preparing spawn area: 0%
[19:37:29] [Worker-Main-1/INFO]: Preparing spawn area: 0%
[19:37:30] [Worker-Main-1/INFO]: Preparing spawn area: 0%
[19:37:30] [Worker-Main-1/INFO]: Preparing spawn area: 0%
[19:37:31] [Server thread/INFO]: Time elapsed: 10977 ms
[19:37:31] [Server thread/INFO]: Done (20.997s)! For help, type "help"
[19:37:41] [Server thread/INFO]: Shiga[/191.19.79.254:58988] logged in with entity id 72 at (994.8791464185391, 65.0, 19989.962651126356)
[19:37:41] [Server thread/INFO]: Shiga joined the game
[19:37:58] [Server thread/WARN]: Can't keep up! Is the server overloaded? Running 17156ms or 343 ticks behind
[19:38:15] [Server thread/WARN]: Can't keep up! Is the server overloaded? Running 2149ms or 42 ticks behind
[19:38:42] [Server thread/INFO]: [Shiga: Set own game mode to Creative Mode]
[19:46:31] [Server console handler/ERROR]: Exception handling console input
java.io.IOException: Input/output error
	at java.io.FileInputStream.readBytes(Native Method) ~[?:?]
	at java.io.FileInputStream.read(FileInputStream.java:276) ~[?:?]
	at java.io.BufferedInputStream.read1(BufferedInputStream.java:282) ~[?:?]
	at java.io.BufferedInputStream.read(BufferedInputStream.java:343) ~[?:?]
	at sun.nio.cs.StreamDecoder.readBytes(StreamDecoder.java:270) ~[?:?]
	at sun.nio.cs.StreamDecoder.implRead(StreamDecoder.java:313) ~[?:?]
	at sun.nio.cs.StreamDecoder.read(StreamDecoder.java:188) ~[?:?]
	at java.io.InputStreamReader.read(InputStreamReader.java:177) ~[?:?]
	at java.io.BufferedReader.fill(BufferedReader.java:162) ~[?:?]
	at java.io.BufferedReader.readLine(BufferedReader.java:329) ~[?:?]
	at java.io.BufferedReader.readLine(BufferedReader.java:396) ~[?:?]
	at ahe$1.run(SourceFile:89) ~[server-1.20.1.jar:?]
